<?xml version="1.0" encoding="UTF-8"?>
<coverage generated="1694312805234" clover="3.2.0">
  <project timestamp="1694312805234" name="All files">
    <metrics statements="20" coveredstatements="16" conditionals="4" coveredconditionals="2" methods="8" coveredmethods="6" elements="32" coveredelements="24" complexity="0" loc="20" ncloc="20" packages="3" files="3" classes="3"/>
    <package name="data">
      <metrics statements="5" coveredstatements="5" conditionals="0" coveredconditionals="0" methods="3" coveredmethods="3"/>
      <file name="emails.data.js" path="C:\Users\LENOVO\Documents\Repo1\Entrevista\data\emails.data.js">
        <metrics statements="5" coveredstatements="5" conditionals="0" coveredconditionals="0" methods="3" coveredmethods="3"/>
        <line num="1" count="2" type="stmt"/>
        <line num="9" count="1" type="stmt"/>
        <line num="13" count="1" type="stmt"/>
        <line num="18" count="2" type="stmt"/>
        <line num="19" count="2" type="stmt"/>
      </file>
    </package>
    <package name="db">
      <metrics statements="3" coveredstatements="3" conditionals="0" coveredconditionals="0" methods="0" coveredmethods="0"/>
      <file name="db.js" path="C:\Users\LENOVO\Documents\Repo1\Entrevista\db\db.js">
        <metrics statements="3" coveredstatements="3" conditionals="0" coveredconditionals="0" methods="0" coveredmethods="0"/>
        <line num="1" count="2" type="stmt"/>
        <line num="3" count="2" type="stmt"/>
        <line num="11" count="2" type="stmt"/>
      </file>
    </package>
    <package name="logic">
      <metrics statements="12" coveredstatements="8" conditionals="4" coveredconditionals="2" methods="5" coveredmethods="3"/>
      <file name="users.logic.js" path="C:\Users\LENOVO\Documents\Repo1\Entrevista\logic\users.logic.js">
        <metrics statements="12" coveredstatements="8" conditionals="4" coveredconditionals="2" methods="5" coveredmethods="3"/>
        <line num="1" count="1" type="stmt"/>
        <line num="9" count="2" type="stmt"/>
        <line num="10" count="2" type="cond" truecount="2" falsecount="0"/>
        <line num="11" count="1" type="stmt"/>
        <line num="12" count="1" type="stmt"/>
        <line num="14" count="1" type="stmt"/>
        <line num="19" count="0" type="stmt"/>
        <line num="20" count="0" type="cond" truecount="0" falsecount="2"/>
        <line num="21" count="0" type="stmt"/>
        <line num="23" count="0" type="stmt"/>
        <line num="28" count="1" type="stmt"/>
        <line num="30" count="1" type="stmt"/>
      </file>
    </package>
  </project>
</coverage>
