{"C:\\Users\\LENOVO\\Documents\\Repo1\\Entrevista\\data\\emails.data.js": {"path":"C:\\Users\\LENOVO\\Documents\\Repo1\\Entrevista\\data\\emails.data.js","statementMap":{"0":{"start":{"line":1,"column":9},"end":{"line":1,"column":32}},"1":{"start":{"line":9,"column":8},"end":{"line":9,"column":66}},"2":{"start":{"line":13,"column":8},"end":{"line":13,"column":96}},"3":{"start":{"line":18,"column":15},"end":{"line":18,"column":31}},"4":{"start":{"line":19,"column":0},"end":{"line":19,"column":23}}},"fnMap":{"0":{"name":"(anonymous_0)","decl":{"start":{"line":4,"column":4},"end":{"line":4,"column":5}},"loc":{"start":{"line":5,"column":4},"end":{"line":6,"column":5}},"line":5},"1":{"name":"(anonymous_1)","decl":{"start":{"line":8,"column":4},"end":{"line":8,"column":5}},"loc":{"start":{"line":8,"column":24},"end":{"line":10,"column":5}},"line":8},"2":{"name":"(anonymous_2)","decl":{"start":{"line":12,"column":4},"end":{"line":12,"column":5}},"loc":{"start":{"line":12,"column":32},"end":{"line":14,"column":5}},"line":12}},"branchMap":{},"s":{"0":2,"1":1,"2":1,"3":2,"4":2},"f":{"0":2,"1":1,"2":1},"b":{},"_coverageSchema":"1a1c01bbd47fc00a2c39e90264f33305004495a9","hash":"a1d66858e62484d1a3ba1035d900ccd932be6e0d"}
,"C:\\Users\\LENOVO\\Documents\\Repo1\\Entrevista\\db\\db.js": {"path":"C:\\Users\\LENOVO\\Documents\\Repo1\\Entrevista\\db\\db.js","statementMap":{"0":{"start":{"line":1,"column":13},"end":{"line":1,"column":33}},"1":{"start":{"line":3,"column":13},"end":{"line":9,"column":4}},"2":{"start":{"line":11,"column":0},"end":{"line":11,"column":21}}},"fnMap":{},"branchMap":{},"s":{"0":2,"1":2,"2":2},"f":{},"b":{},"_coverageSchema":"1a1c01bbd47fc00a2c39e90264f33305004495a9","hash":"f528cc7145a101d52773820a733a3d85a1aa52cd"}
,"C:\\Users\\LENOVO\\Documents\\Repo1\\Entrevista\\logic\\users.logic.js": {"path":"C:\\Users\\LENOVO\\Documents\\Repo1\\Entrevista\\logic\\users.logic.js","statementMap":{"0":{"start":{"line":1,"column":11},"end":{"line":1,"column":45}},"1":{"start":{"line":9,"column":8},"end":{"line":15,"column":10}},"2":{"start":{"line":10,"column":12},"end":{"line":13,"column":13}},"3":{"start":{"line":11,"column":16},"end":{"line":11,"column":31}},"4":{"start":{"line":12,"column":16},"end":{"line":12,"column":22}},"5":{"start":{"line":14,"column":12},"end":{"line":14,"column":39}},"6":{"start":{"line":19,"column":8},"end":{"line":24,"column":10}},"7":{"start":{"line":20,"column":12},"end":{"line":22,"column":13}},"8":{"start":{"line":21,"column":16},"end":{"line":21,"column":31}},"9":{"start":{"line":23,"column":12},"end":{"line":23,"column":45}},"10":{"start":{"line":28,"column":13},"end":{"line":28,"column":29}},"11":{"start":{"line":30,"column":0},"end":{"line":30,"column":21}}},"fnMap":{"0":{"name":"(anonymous_0)","decl":{"start":{"line":5,"column":4},"end":{"line":5,"column":5}},"loc":{"start":{"line":5,"column":17},"end":{"line":7,"column":5}},"line":5},"1":{"name":"(anonymous_1)","decl":{"start":{"line":8,"column":4},"end":{"line":8,"column":5}},"loc":{"start":{"line":8,"column":24},"end":{"line":16,"column":5}},"line":8},"2":{"name":"(anonymous_2)","decl":{"start":{"line":9,"column":23},"end":{"line":9,"column":24}},"loc":{"start":{"line":9,"column":42},"end":{"line":15,"column":9}},"line":9},"3":{"name":"(anonymous_3)","decl":{"start":{"line":18,"column":4},"end":{"line":18,"column":5}},"loc":{"start":{"line":18,"column":32},"end":{"line":25,"column":5}},"line":18},"4":{"name":"(anonymous_4)","decl":{"start":{"line":19,"column":31},"end":{"line":19,"column":32}},"loc":{"start":{"line":19,"column":50},"end":{"line":24,"column":9}},"line":19}},"branchMap":{"0":{"loc":{"start":{"line":10,"column":12},"end":{"line":13,"column":13}},"type":"if","locations":[{"start":{"line":10,"column":12},"end":{"line":13,"column":13}},{"start":{},"end":{}}],"line":10},"1":{"loc":{"start":{"line":20,"column":12},"end":{"line":22,"column":13}},"type":"if","locations":[{"start":{"line":20,"column":12},"end":{"line":22,"column":13}},{"start":{},"end":{}}],"line":20}},"s":{"0":1,"1":2,"2":2,"3":1,"4":1,"5":1,"6":0,"7":0,"8":0,"9":0,"10":1,"11":1},"f":{"0":1,"1":2,"2":2,"3":0,"4":0},"b":{"0":[1,1],"1":[0,0]},"_coverageSchema":"1a1c01bbd47fc00a2c39e90264f33305004495a9","hash":"36886d0af741845f403302e5be8bb715eddd3480"}
}
